-------------------------------------------------------------------------------
Test set: com.lucidmouse.scala.di.test.ContextTest
-------------------------------------------------------------------------------
Tests run: 1, Failures: 0, Errors: 1, Skipped: 0, Time elapsed: 1.244 sec <<< FAILURE!
(test) Method cleaning context should remove all added data to context(com.lucidmouse.scala.di.test.ContextTest)  Time elapsed: 0.051 sec  <<< ERROR!
scala.MatchError: true (of class java.lang.Boolean)
	at com.lucidmouse.scala.di.Context$.getContextOrCreateOne(Context.scala:26)
	at com.lucidmouse.scala.di.CtxElt.lazySingleton(ContextCreator.scala:41)
	at com.lucidmouse.scala.di.test.ContextTest$$anonfun$1$Ctx1$2$.<init>(ContextTest.scala:21)
	at com.lucidmouse.scala.di.test.ContextTest$$anonfun$1.Ctx1$1(ContextTest.scala:19)
	at com.lucidmouse.scala.di.test.ContextTest$$anonfun$1.apply$mcV$sp(ContextTest.scala:24)
	at com.lucidmouse.scala.di.test.ContextTest$$anonfun$1.apply(ContextTest.scala:18)
	at com.lucidmouse.scala.di.test.ContextTest$$anonfun$1.apply(ContextTest.scala:18)
	at org.scalatest.FlatSpec$$anon$1.apply(FlatSpec.scala:2565)
	at org.scalatest.Suite$class.withFixture(Suite.scala:1967)
	at com.lucidmouse.scala.di.test.ContextTest.withFixture(ContextTest.scala:17)
	at org.scalatest.FlatSpec$class.invokeWithFixture$1(FlatSpec.scala:2562)
	at org.scalatest.FlatSpec$$anonfun$runTest$1.apply(FlatSpec.scala:2571)
	at org.scalatest.FlatSpec$$anonfun$runTest$1.apply(FlatSpec.scala:2571)
	at org.scalatest.SuperEngine.runTestImpl(Engine.scala:168)
	at org.scalatest.FlatSpec$class.runTest(FlatSpec.scala:2571)
	at com.lucidmouse.scala.di.test.ContextTest.runTest(ContextTest.scala:17)
	at org.scalatest.FlatSpec$$anonfun$runTests$1.apply(FlatSpec.scala:2633)
	at org.scalatest.FlatSpec$$anonfun$runTests$1.apply(FlatSpec.scala:2633)
	at org.scalatest.SuperEngine$$anonfun$org$scalatest$SuperEngine$$runTestsInBranch$1.apply(Engine.scala:226)
	at org.scalatest.SuperEngine$$anonfun$org$scalatest$SuperEngine$$runTestsInBranch$1.apply(Engine.scala:215)
	at scala.collection.LinearSeqOptimized$class.foreach(LinearSeqOptimized.scala:59)
	at scala.collection.immutable.List.foreach(List.scala:76)
	at org.scalatest.SuperEngine.org$scalatest$SuperEngine$$runTestsInBranch(Engine.scala:215)
	at org.scalatest.SuperEngine$$anonfun$org$scalatest$SuperEngine$$runTestsInBranch$1.apply(Engine.scala:231)
	at org.scalatest.SuperEngine$$anonfun$org$scalatest$SuperEngine$$runTestsInBranch$1.apply(Engine.scala:215)
	at scala.collection.LinearSeqOptimized$class.foreach(LinearSeqOptimized.scala:59)
	at scala.collection.immutable.List.foreach(List.scala:76)
	at org.scalatest.SuperEngine.org$scalatest$SuperEngine$$runTestsInBranch(Engine.scala:215)
	at org.scalatest.SuperEngine.runTestsImpl(Engine.scala:289)
	at org.scalatest.FlatSpec$class.runTests(FlatSpec.scala:2633)
	at com.lucidmouse.scala.di.test.ContextTest.runTests(ContextTest.scala:17)
	at org.scalatest.Suite$class.run(Suite.scala:2292)
	at com.lucidmouse.scala.di.test.ContextTest.org$scalatest$FlatSpec$$super$run(ContextTest.scala:17)
	at org.scalatest.FlatSpec$$anonfun$run$1.apply(FlatSpec.scala:2680)
	at org.scalatest.FlatSpec$$anonfun$run$1.apply(FlatSpec.scala:2680)
	at org.scalatest.SuperEngine.runImpl(Engine.scala:325)
	at org.scalatest.FlatSpec$class.run(FlatSpec.scala:2680)
	at com.lucidmouse.scala.di.test.ContextTest.run(ContextTest.scala:17)
	at org.scalatest.junit.JUnitRunner.run(JUnitRunner.scala:94)
	at org.apache.maven.surefire.junit4.JUnit4TestSet.execute(JUnit4TestSet.java:53)
	at org.apache.maven.surefire.junit4.JUnit4Provider.executeTestSet(JUnit4Provider.java:123)
	at org.apache.maven.surefire.junit4.JUnit4Provider.invoke(JUnit4Provider.java:104)
	at sun.reflect.NativeMethodAccessorImpl.invoke0(Native Method)
	at sun.reflect.NativeMethodAccessorImpl.invoke(NativeMethodAccessorImpl.java:57)
	at sun.reflect.DelegatingMethodAccessorImpl.invoke(DelegatingMethodAccessorImpl.java:43)
	at java.lang.reflect.Method.invoke(Method.java:616)
	at org.apache.maven.surefire.util.ReflectionUtils.invokeMethodWithArray(ReflectionUtils.java:164)
	at org.apache.maven.surefire.booter.ProviderFactory$ProviderProxy.invoke(ProviderFactory.java:110)
	at org.apache.maven.surefire.booter.SurefireStarter.invokeProvider(SurefireStarter.java:175)
	at org.apache.maven.surefire.booter.SurefireStarter.runSuitesInProcessWhenForked(SurefireStarter.java:107)
	at org.apache.maven.surefire.booter.ForkedBooter.main(ForkedBooter.java:68)
